<?xml version="1.0" encoding="UTF-8"?>
<testng-results skipped="0" failed="0" ignored="0" total="2" passed="2">
  <reporter-output>
  </reporter-output>
  <suite name="Default suite" duration-ms="16251" started-at="2020-11-12T13:28:00 EST" finished-at="2020-11-12T13:28:16 EST">
    <groups>
    </groups>
    <test name="Default test" duration-ms="16251" started-at="2020-11-12T13:28:00 EST" finished-at="2020-11-12T13:28:16 EST">
      <class name="tests.MainPageTests">
        <test-method status="PASS" signature="setUpMethod(java.lang.String)[pri:0, instance:tests.MainPageTests@701fc37a]" name="setUpMethod" is-config="true" duration-ms="7456" started-at="2020-11-12T13:28:00 EST" finished-at="2020-11-12T13:28:07 EST">
          <params>
            <param index="0">
              <value is-null="true"/>
            </param>
          </params>
          <reporter-output>
          </reporter-output>
        </test-method> <!-- setUpMethod -->
        <test-method status="PASS" signature="runButtonTest()[pri:0, instance:tests.MainPageTests@701fc37a]" name="runButtonTest" duration-ms="92" started-at="2020-11-12T13:28:07 EST" finished-at="2020-11-12T13:28:07 EST">
          <reporter-output>
          </reporter-output>
        </test-method> <!-- runButtonTest -->
        <test-method status="PASS" signature="tearDownMethod()[pri:0, instance:tests.MainPageTests@701fc37a]" name="tearDownMethod" is-config="true" duration-ms="592" started-at="2020-11-12T13:28:07 EST" finished-at="2020-11-12T13:28:08 EST">
          <reporter-output>
          </reporter-output>
        </test-method> <!-- tearDownMethod -->
        <test-method status="PASS" signature="setUpMethod(java.lang.String)[pri:0, instance:tests.MainPageTests@701fc37a]" name="setUpMethod" is-config="true" duration-ms="6850" started-at="2020-11-12T13:28:08 EST" finished-at="2020-11-12T13:28:15 EST">
          <params>
            <param index="0">
              <value is-null="true"/>
            </param>
          </params>
          <reporter-output>
          </reporter-output>
        </test-method> <!-- setUpMethod -->
        <test-method status="PASS" signature="shareButtonTest()[pri:0, instance:tests.MainPageTests@701fc37a]" name="shareButtonTest" duration-ms="649" started-at="2020-11-12T13:28:15 EST" finished-at="2020-11-12T13:28:15 EST">
          <reporter-output>
          </reporter-output>
        </test-method> <!-- shareButtonTest -->
        <test-method status="PASS" signature="tearDownMethod()[pri:0, instance:tests.MainPageTests@701fc37a]" name="tearDownMethod" is-config="true" duration-ms="586" started-at="2020-11-12T13:28:15 EST" finished-at="2020-11-12T13:28:16 EST">
          <reporter-output>
          </reporter-output>
        </test-method> <!-- tearDownMethod -->
      </class> <!-- tests.MainPageTests -->
    </test> <!-- Default test -->
  </suite> <!-- Default suite -->
</testng-results>
